<?xml version="1.0" encoding="UTF-8"?>
<Site BuildName="Win32-MSBuild"
	BuildStamp="20230912-0645-Experimental"
	Name="COMBINE-22-001"
	Generator="ctest-3.27.4"
	CompilerName="C:/Program Files/Microsoft Visual Studio/2022/Community/VC/Tools/MSVC/14.37.32822/bin/Hostx86/x64/cl.exe"
	CompilerVersion="19.37.32822.0"
	OSName="Windows"
	Hostname="COMBINE-22-001"
	OSRelease=" Professional"
	OSVersion=" (Build 19045)"
	OSPlatform="AMD64"
	Is64Bits="1"
	VendorString="GenuineIntel"
	VendorID="Intel Corporation"
	FamilyID="6"
	ModelID="13"
	ProcessorCacheSize="-1"
	NumberOfLogicalCPU="7"
	NumberOfPhysicalCPU="7"
	TotalVirtualMemory="18535"
	TotalPhysicalMemory="16103"
	LogicalProcessorsPerPhysical="1"
	ProcessorClockFrequency="2303"
	>
	<Testing>
		<StartDateTime>Sep 12 08:59 W. Europe Daylight Time</StartDateTime>
		<StartTestTime>1694501982</StartTestTime>
		<TestList/>
		<EndDateTime>Sep 12 08:59 W. Europe Daylight Time</EndDateTime>
		<EndTestTime>1694501982</EndTestTime>
		<ElapsedMinutes>0</ElapsedMinutes>
	</Testing>
</Site>
